\BOOKMARK [1][-]{section*.2}{\376\377\000P\000r\000e\000m\000i\000s\000e}{}% 1
\BOOKMARK [1][-]{figure.caption.4}{\376\377\000I\000n\000t\000r\000o\000d\000u\000c\000t\000i\000o\000n}{}% 2
\BOOKMARK [1][-]{section.1}{\376\377\000P\000r\000o\000j\000e\000c\000t\000\040\0001}{}% 3
\BOOKMARK [2][-]{subsection.1.1}{\376\377\000Q\000u\000e\000s\000t\000i\000o\000n\000s}{section.1}% 4
\BOOKMARK [2][-]{subsection.1.2}{\376\377\000A\000n\000s\000w\000e\000r\000s}{section.1}% 5
\BOOKMARK [3][-]{subsubsection.1.2.1}{\376\377\000F\000i\000r\000s\000t\000\040\000a\000n\000d\000\040\000S\000e\000c\000o\000n\000d\000\040\000F\000e\000a\000t\000u\000r\000e\000s}{subsection.1.2}% 6
\BOOKMARK [3][-]{subsubsection.1.2.2}{\376\377\000T\000h\000i\000r\000d\000\040\000a\000n\000d\000\040\000F\000o\000u\000r\000t\000h\000\040\000F\000e\000a\000t\000u\000r\000e\000s}{subsection.1.2}% 7
\BOOKMARK [3][-]{subsubsection.1.2.3}{\376\377\000F\000i\000f\000t\000h\000\040\000a\000n\000d\000\040\000S\000i\000x\000t\000h\000\040\000F\000e\000a\000t\000u\000r\000e\000s}{subsection.1.2}% 8
\BOOKMARK [1][-]{section.2}{\376\377\000P\000r\000o\000j\000e\000c\000t\000\040\0002}{}% 9
\BOOKMARK [2][-]{subsection.2.1}{\376\377\000Q\000u\000e\000s\000t\000i\000o\000n\000s}{section.2}% 10
\BOOKMARK [2][-]{subsection.2.2}{\376\377\000A\000n\000s\000w\000e\000r\000s}{section.2}% 11
\BOOKMARK [3][-]{subsubsection.2.2.1}{\376\377\000A\000n\000s\000w\000e\000r\000\040\0001}{subsection.2.2}% 12
\BOOKMARK [1][-]{section.3}{\376\377\000P\000r\000o\000j\000e\000c\000t\000\040\0003}{}% 13
\BOOKMARK [2][-]{subsection.3.1}{\376\377\000Q\000u\000e\000s\000t\000i\000o\000n\000s}{section.3}% 14
\BOOKMARK [2][-]{subsection.3.2}{\376\377\000A\000n\000s\000w\000e\000r\000s}{section.3}% 15
\BOOKMARK [3][-]{subsubsection.3.2.1}{\376\377\000A\000n\000s\000w\000e\000r\000\040\0001}{subsection.3.2}% 16
\BOOKMARK [1][-]{section.4}{\376\377\000P\000r\000o\000j\000e\000c\000t\000\040\0004}{}% 17
\BOOKMARK [2][-]{subsection.4.1}{\376\377\000Q\000u\000e\000s\000t\000i\000o\000n\000s}{section.4}% 18
\BOOKMARK [2][-]{subsection.4.2}{\376\377\000A\000n\000s\000w\000e\000r\000s}{section.4}% 19
\BOOKMARK [3][-]{subsubsection.4.2.1}{\376\377\000A\000n\000s\000w\000e\000r\000\040\0001}{subsection.4.2}% 20
\BOOKMARK [1][-]{section.5}{\376\377\000P\000r\000o\000j\000e\000c\000t\000\040\0005}{}% 21
\BOOKMARK [2][-]{subsection.5.1}{\376\377\000Q\000u\000e\000s\000t\000i\000o\000n\000s}{section.5}% 22
\BOOKMARK [2][-]{subsection.5.2}{\376\377\000A\000n\000s\000w\000e\000r\000s}{section.5}% 23
\BOOKMARK [3][-]{subsubsection.5.2.1}{\376\377\000A\000n\000s\000w\000e\000r\000\040\0001}{subsection.5.2}% 24
\BOOKMARK [1][-]{section.6}{\376\377\000P\000r\000o\000j\000e\000c\000t\000\040\0006}{}% 25
\BOOKMARK [2][-]{subsection.6.1}{\376\377\000Q\000u\000e\000s\000t\000i\000o\000n\000s}{section.6}% 26
\BOOKMARK [2][-]{subsection.6.2}{\376\377\000A\000n\000s\000w\000e\000r\000s}{section.6}% 27
\BOOKMARK [3][-]{subsubsection.6.2.1}{\376\377\000A\000n\000s\000w\000e\000r\000\040\0001}{subsection.6.2}% 28
\BOOKMARK [1][-]{section.7}{\376\377\000P\000r\000o\000j\000e\000c\000t\000\040\0007}{}% 29
\BOOKMARK [2][-]{subsection.7.1}{\376\377\000Q\000u\000e\000s\000t\000i\000o\000n\000s}{section.7}% 30
\BOOKMARK [2][-]{subsection.7.2}{\376\377\000A\000n\000s\000w\000e\000r\000s}{section.7}% 31
\BOOKMARK [3][-]{subsubsection.7.2.1}{\376\377\000A\000n\000s\000w\000e\000r\000\040\0001}{subsection.7.2}% 32
\BOOKMARK [1][-]{section.8}{\376\377\000P\000r\000o\000j\000e\000c\000t\000\040\0008}{}% 33
\BOOKMARK [2][-]{subsection.8.1}{\376\377\000Q\000u\000e\000s\000t\000i\000o\000n\000s}{section.8}% 34
\BOOKMARK [2][-]{subsection.8.2}{\376\377\000A\000n\000s\000w\000e\000r\000s}{section.8}% 35
\BOOKMARK [3][-]{subsubsection.8.2.1}{\376\377\000A\000n\000s\000w\000e\000r\000\040\0001}{subsection.8.2}% 36
\BOOKMARK [1][-]{section.9}{\376\377\000P\000r\000o\000j\000e\000c\000t\000\040\0009}{}% 37
\BOOKMARK [2][-]{subsection.9.1}{\376\377\000Q\000u\000e\000s\000t\000i\000o\000n\000s}{section.9}% 38
\BOOKMARK [2][-]{subsection.9.2}{\376\377\000A\000n\000s\000w\000e\000r\000s}{section.9}% 39
\BOOKMARK [3][-]{subsubsection.9.2.1}{\376\377\000A\000n\000s\000w\000e\000r\000\040\0001}{subsection.9.2}% 40
